Determining if the pthread_create exist failed with the following output:
Change Dir: /home/hariff/carto_imu_v2/build/CMakeFiles/CMakeTmp

Run Build Command:"/usr/bin/make" "cmTC_1b2cc/fast"
/usr/bin/make -f CMakeFiles/cmTC_1b2cc.dir/build.make CMakeFiles/cmTC_1b2cc.dir/build
make[1]: Entering directory '/home/hariff/carto_imu_v2/build/CMakeFiles/CMakeTmp'
Building C object CMakeFiles/cmTC_1b2cc.dir/CheckSymbolExists.c.o
/usr/bin/cc    -o CMakeFiles/cmTC_1b2cc.dir/CheckSymbolExists.c.o   -c /home/hariff/carto_imu_v2/build/CMakeFiles/CMakeTmp/CheckSymbolExists.c
Linking C executable cmTC_1b2cc
/usr/bin/cmake -E cmake_link_script CMakeFiles/cmTC_1b2cc.dir/link.txt --verbose=1
/usr/bin/cc      -rdynamic CMakeFiles/cmTC_1b2cc.dir/CheckSymbolExists.c.o  -o cmTC_1b2cc 
CMakeFiles/cmTC_1b2cc.dir/CheckSymbolExists.c.o: In function `main':
CheckSymbolExists.c:(.text+0x14): undefined reference to `pthread_create'
CheckSymbolExists.c:(.text+0x18): undefined reference to `pthread_create'
collect2: error: ld returned 1 exit status
CMakeFiles/cmTC_1b2cc.dir/build.make:97: recipe for target 'cmTC_1b2cc' failed
make[1]: *** [cmTC_1b2cc] Error 1
make[1]: Leaving directory '/home/hariff/carto_imu_v2/build/CMakeFiles/CMakeTmp'
Makefile:126: recipe for target 'cmTC_1b2cc/fast' failed
make: *** [cmTC_1b2cc/fast] Error 2

File /home/hariff/carto_imu_v2/build/CMakeFiles/CMakeTmp/CheckSymbolExists.c:
/* */
#include <pthread.h>

int main(int argc, char** argv)
{
  (void)argv;
#ifndef pthread_create
  return ((int*)(&pthread_create))[argc];
#else
  (void)argc;
  return 0;
#endif
}

Determining if the function pthread_create exists in the pthreads failed with the following output:
Change Dir: /home/hariff/carto_imu_v2/build/CMakeFiles/CMakeTmp

Run Build Command:"/usr/bin/make" "cmTC_99087/fast"
/usr/bin/make -f CMakeFiles/cmTC_99087.dir/build.make CMakeFiles/cmTC_99087.dir/build
make[1]: Entering directory '/home/hariff/carto_imu_v2/build/CMakeFiles/CMakeTmp'
Building C object CMakeFiles/cmTC_99087.dir/CheckFunctionExists.c.o
/usr/bin/cc   -DCHECK_FUNCTION_EXISTS=pthread_create   -o CMakeFiles/cmTC_99087.dir/CheckFunctionExists.c.o   -c /usr/share/cmake-3.10/Modules/CheckFunctionExists.c
Linking C executable cmTC_99087
/usr/bin/cmake -E cmake_link_script CMakeFiles/cmTC_99087.dir/link.txt --verbose=1
/usr/bin/cc  -DCHECK_FUNCTION_EXISTS=pthread_create    -rdynamic CMakeFiles/cmTC_99087.dir/CheckFunctionExists.c.o  -o cmTC_99087 -lpthreads 
/usr/bin/ld: cannot find -lpthreads
collect2: error: ld returned 1 exit status
CMakeFiles/cmTC_99087.dir/build.make:97: recipe for target 'cmTC_99087' failed
make[1]: *** [cmTC_99087] Error 1
make[1]: Leaving directory '/home/hariff/carto_imu_v2/build/CMakeFiles/CMakeTmp'
Makefile:126: recipe for target 'cmTC_99087/fast' failed
make: *** [cmTC_99087/fast] Error 2


